00:08:29 **** Incremental Build of configuration Nios II for project sopcff ****
make all 
Info: Building C:/Users/selgu/Desktop/M2_sme/BE/BE/Nios/software/sopcff_bsp/
C:/intelFPGA_lite/18.1/nios2eds/bin/gnu/H-x86_64-mingw32/bin/make --no-print-directory -C C:/Users/selgu/Desktop/M2_sme/BE/BE/Nios/software/sopcff_bsp/
[BSP build complete]
Info: Compiling hello_world_small.c to obj/default/hello_world_small.o
nios2-elf-gcc -xc -MP -MMD -c -IC:/Users/selgu/Desktop/M2_sme/BE/BE/Nios/software/sopcff_bsp//HAL/inc -IC:/Users/selgu/Desktop/M2_sme/BE/BE/Nios/software/sopcff_bsp/ -IC:/Users/selgu/Desktop/M2_sme/BE/BE/Nios/software/sopcff_bsp//drivers/inc  -pipe -D__hal__ -DALT_NO_C_PLUS_PLUS -DALT_NO_CLEAN_EXIT -D'exit(a)=_exit(a)' -DALT_NO_EXIT -DALT_USE_DIRECT_DRIVERS -DALT_NO_INSTRUCTION_EMULATION -DALT_USE_SMALL_DRIVERS -DSMALL_C_LIB -DALT_SINGLE_THREADED    -Os -g -Wall   -mno-hw-div -mno-hw-mul -mno-hw-mulx -mgpopt=global  -o obj/default/hello_world_small.o hello_world_small.c
hello_world_small.c: In function 'main':
hello_world_small.c:125:3: warning: implicit declaration of function 'printf' [-Wimplicit-function-declaration]
   printf("le code fonction = %d \n",a);
   ^
hello_world_small.c:125:3: warning: incompatible implicit declaration of built-in function 'printf'
hello_world_small.c:125:3: note: include '<stdio.h>' or provide a declaration of 'printf'
Info: Linking sopcff.elf
nios2-elf-g++  -T'C:/Users/selgu/Desktop/M2_sme/BE/BE/Nios/software/sopcff_bsp//linker.x' -msys-crt0='C:/Users/selgu/Desktop/M2_sme/BE/BE/Nios/software/sopcff_bsp//obj/HAL/src/crt0.o' -msys-lib=hal_bsp -LC:/Users/selgu/Desktop/M2_sme/BE/BE/Nios/software/sopcff_bsp/  -msmallc  -Wl,-Map=sopcff.map   -Os -g -Wall   -mno-hw-div -mno-hw-mul -mno-hw-mulx -mgpopt=global  -o sopcff.elf obj/default/hello_world_small.o -lm -msys-lib=m
nios2-elf-insert sopcff.elf --thread_model hal --cpu_name nios2_gen2_0 --qsys true --simulation_enabled false --stderr_dev jtag_uart_0 --stdin_dev jtag_uart_0 --stdout_dev jtag_uart_0 --sopc_system_name SOPC_Anemo --quartus_project_dir "c:/Users/selgu/Desktop/M2_sme/BE/BE/SOPC/Animo/SOPC_Anemo" --sopcinfo C:/Users/selgu/Desktop/M2_sme/BE/BE/SOPC/Animo/SOPC_Anemo/SOPC_Anemo.sopcinfo
Info: (sopcff.elf) 3488 Bytes program size (code + initialized data).
Info:              36 KBytes free for stack + heap.
Info: Creating sopcff.objdump
nios2-elf-objdump --disassemble --syms --all-header --source sopcff.elf >sopcff.objdump
[sopcff build complete]

00:08:31 Build Finished (took 1s.822ms)

